0 info it worked if it ends with ok
1 verbose cli [ 'C:\\Program Files\\nodejs\\node.exe',
1 verbose cli   'C:\\Program Files\\nodejs\\node_modules\\npm\\bin\\npm-cli.js',
1 verbose cli   'publish' ]
2 info using npm@3.6.0
3 info using node@v5.7.0
4 verbose publish [ '.' ]
5 silly cache add args [ '.', null ]
6 verbose cache add spec .
7 silly cache add parsed spec Result {
7 silly cache add   raw: '.',
7 silly cache add   scope: null,
7 silly cache add   name: null,
7 silly cache add   rawSpec: '.',
7 silly cache add   spec: 'D:\\first_package',
7 silly cache add   type: 'directory' }
8 verbose addLocalDirectory C:\Users\Admin\AppData\Roaming\npm-cache\first_package\1.0.0\package.tgz not in flight; packing
9 verbose correctMkdir C:\Users\Admin\AppData\Roaming\npm-cache correctMkdir not in flight; initializing
10 info lifecycle first_package@1.0.0~prepublish: first_package@1.0.0
11 silly lifecycle first_package@1.0.0~prepublish: no script for prepublish, continuing
12 verbose tar pack [ 'C:\\Users\\Admin\\AppData\\Roaming\\npm-cache\\first_package\\1.0.0\\package.tgz',
12 verbose tar pack   'D:\\first_package' ]
13 verbose tarball C:\Users\Admin\AppData\Roaming\npm-cache\first_package\1.0.0\package.tgz
14 verbose folder D:\first_package
15 verbose addLocalTarball adding from inside cache C:\Users\Admin\AppData\Roaming\npm-cache\first_package\1.0.0\package.tgz
16 verbose correctMkdir C:\Users\Admin\AppData\Roaming\npm-cache correctMkdir not in flight; initializing
17 silly cache afterAdd first_package@1.0.0
18 verbose afterAdd C:\Users\Admin\AppData\Roaming\npm-cache\first_package\1.0.0\package\package.json not in flight; writing
19 verbose correctMkdir C:\Users\Admin\AppData\Roaming\npm-cache correctMkdir not in flight; initializing
20 verbose afterAdd C:\Users\Admin\AppData\Roaming\npm-cache\first_package\1.0.0\package\package.json written
21 silly publish { name: 'first_package',
21 silly publish   version: '1.0.0',
21 silly publish   description: 'Firsy Package to be on GitHub',
21 silly publish   main: 'index.js',
21 silly publish   scripts: { test: 'node index.js' },
21 silly publish   repository:
21 silly publish    { type: 'git',
21 silly publish      url: 'git+https://github.com/Lonomis/LonomisRepo.git' },
21 silly publish   keywords: [ 'First', 'try' ],
21 silly publish   author: { name: 'Sittisak Chayowan' },
21 silly publish   license: 'ISC',
21 silly publish   bugs: { url: 'https://github.com/Lonomis/LonomisRepo/issues' },
21 silly publish   homepage: 'https://github.com/Lonomis/LonomisRepo#readme',
21 silly publish   gitHead: '9f45a41fa58033a82427425d0d9922010abb492a',
21 silly publish   readme: 'ERROR: No README data found!',
21 silly publish   _id: 'first_package@1.0.0',
21 silly publish   _shasum: '2214884e0265f08ace9b4033b0f3ea82995ac4db',
21 silly publish   _from: '.' }
22 verbose getPublishConfig undefined
23 silly mapToRegistry name first_package
24 silly mapToRegistry using default registry
25 silly mapToRegistry registry https://registry.npmjs.org/
26 silly mapToRegistry uri https://registry.npmjs.org/first_package
27 verbose publish registryBase https://registry.npmjs.org/
28 silly publish uploading C:\Users\Admin\AppData\Roaming\npm-cache\first_package\1.0.0\package.tgz
29 verbose request uri https://registry.npmjs.org/first_package
30 verbose request sending authorization for write operation
31 info attempt registry request try #1 at 11:57:48
32 verbose request using bearer token for auth
33 verbose request id 056d0848229fe8ed
34 http request PUT https://registry.npmjs.org/first_package
35 http 403 https://registry.npmjs.org/first_package
36 verbose headers { 'content-type': 'application/json',
36 verbose headers   'cache-control': 'max-age=300',
36 verbose headers   'content-length': '107',
36 verbose headers   'accept-ranges': 'bytes',
36 verbose headers   date: 'Fri, 12 May 2017 04:56:57 GMT',
36 verbose headers   via: '1.1 varnish',
36 verbose headers   connection: 'keep-alive',
36 verbose headers   'x-served-by': 'cache-sin18029-SIN',
36 verbose headers   'x-cache': 'MISS',
36 verbose headers   'x-cache-hits': '0',
36 verbose headers   'x-timer': 'S1494565016.189251,VS0,VE936',
36 verbose headers   vary: 'Accept-Encoding' }
37 verbose request invalidating C:\Users\Admin\AppData\Roaming\npm-cache\registry.npmjs.org\first_package on PUT
38 error publish Failed PUT 403
39 verbose stack Error: you do not have permission to publish "first_package". Are you logged in as the correct user? : first_package
39 verbose stack     at makeError (C:\Program Files\nodejs\node_modules\npm\node_modules\npm-registry-client\lib\request.js:264:12)
39 verbose stack     at CachingRegistryClient.<anonymous> (C:\Program Files\nodejs\node_modules\npm\node_modules\npm-registry-client\lib\request.js:252:14)
39 verbose stack     at Request._callback (C:\Program Files\nodejs\node_modules\npm\node_modules\npm-registry-client\lib\request.js:172:14)
39 verbose stack     at Request.self.callback (C:\Program Files\nodejs\node_modules\npm\node_modules\request\request.js:198:22)
39 verbose stack     at emitTwo (events.js:100:13)
39 verbose stack     at Request.emit (events.js:185:7)
39 verbose stack     at Request.<anonymous> (C:\Program Files\nodejs\node_modules\npm\node_modules\request\request.js:1035:10)
39 verbose stack     at emitOne (events.js:95:20)
39 verbose stack     at Request.emit (events.js:182:7)
39 verbose stack     at IncomingMessage.<anonymous> (C:\Program Files\nodejs\node_modules\npm\node_modules\request\request.js:962:12)
40 verbose statusCode 403
41 verbose pkgid first_package
42 verbose cwd D:\first_package
43 error Windows_NT 6.1.7601
44 error argv "C:\\Program Files\\nodejs\\node.exe" "C:\\Program Files\\nodejs\\node_modules\\npm\\bin\\npm-cli.js" "publish"
45 error node v5.7.0
46 error npm  v3.6.0
47 error code E403
48 error you do not have permission to publish "first_package". Are you logged in as the correct user? : first_package
49 error If you need help, you may report this error at:
49 error     <https://github.com/npm/npm/issues>
50 verbose exit [ 1, true ]
